Build started 3/18/2013 5:49:50 PM.
     1>Project "C:\Users\mgurupra\Desktop\Computer Graphics\checkpoint\build\math\math.vcxproj" on node 3 (Build target(s)).
     1>CustomBuild:
         Building Custom Rule C:/Users/mgurupra/Desktop/Computer Graphics/checkpoint/src/math/CMakeLists.txt
         CMake does not need to re-run because C:\Users\mgurupra\Desktop\Computer Graphics\checkpoint\build\math\CMakeFiles\generate.stamp is up-to-date.
       ClCompile:
         C:\Program Files (x86)\Microsoft Visual Studio 11.0\VC\bin\CL.exe /c /I"C:/Users/mgurupra/Desktop/Computer Graphics/checkpoint/src" /I"C:/Users/mgurupra/Desktop/Computer Graphics/checkpoint/windows/include" /Zi /nologo /W3 /WX- /Od /Ob0 /Oy- /D WIN32 /D _WINDOWS /D _DEBUG /D "CMAKE_INTDIR=\"Debug\"" /D _MBCS /Gm- /EHsc /RTC1 /MDd /GS /fp:precise /Zc:wchar_t /Zc:forScope /GR /Fo"math.dir\Debug\\" /Fd"C:/Users/mgurupra/Desktop/Computer Graphics/checkpoint/build/math/Debug/math.pdb" /Gd /TP /analyze- /errorReport:prompt  /Zm1000 "C:\Users\mgurupra\Desktop\Computer Graphics\checkpoint\src\math\camera.cpp" "C:\Users\mgurupra\Desktop\Computer Graphics\checkpoint\src\math\color.cpp" "C:\Users\mgurupra\Desktop\Computer Graphics\checkpoint\src\math\math.cpp" "C:\Users\mgurupra\Desktop\Computer Graphics\checkpoint\src\math\matrix.cpp" "C:\Users\mgurupra\Desktop\Computer Graphics\checkpoint\src\math\quaternion.cpp" "C:\Users\mgurupra\Desktop\Computer Graphics\checkpoint\src\math\vector.cpp"
         camera.cpp
         color.cpp
         math.cpp
         matrix.cpp
         quaternion.cpp
         vector.cpp
         Generating Code...
       Lib:
         C:\Program Files (x86)\Microsoft Visual Studio 11.0\VC\bin\Lib.exe /OUT:"C:\Users\mgurupra\Desktop\Computer Graphics\checkpoint\build\math\Debug\math.lib" /NOLOGO math.dir\Debug\camera.obj
         math.dir\Debug\color.obj
         math.dir\Debug\math.obj
         math.dir\Debug\matrix.obj
         math.dir\Debug\quaternion.obj
         math.dir\Debug\vector.obj
     1>math.obj : warning LNK4221: This object file does not define any previously undefined public symbols, so it will not be used by any link operation that consumes this library
         math.vcxproj -> C:\Users\mgurupra\Desktop\Computer Graphics\checkpoint\build\math\Debug\math.lib
     1>Done Building Project "C:\Users\mgurupra\Desktop\Computer Graphics\checkpoint\build\math\math.vcxproj" (Build target(s)).

Build succeeded.

Time Elapsed 00:00:03.73
