Build started 3/18/2013 10:13:44 PM.
     1>Project "C:\Users\mgurupra\Desktop\Computer Graphics\checkpoint\build\p3\p3.vcxproj" on node 2 (Build target(s)).
     1>ClCompile:
         C:\Program Files (x86)\Microsoft Visual Studio 11.0\VC\bin\CL.exe /c /I"C:/Users/mgurupra/Desktop/Computer Graphics/checkpoint/src" /I"C:/Users/mgurupra/Desktop/Computer Graphics/checkpoint/windows/include" /Zi /nologo /W3 /WX- /Od /Ob0 /Oy- /D WIN32 /D _WINDOWS /D _DEBUG /D "CMAKE_INTDIR=\"Debug\"" /D _MBCS /Gm- /EHsc /RTC1 /MDd /GS /fp:precise /Zc:wchar_t /Zc:forScope /GR /Fo"p3.dir\Debug\\" /Fd"C:/Users/mgurupra/Desktop/Computer Graphics/checkpoint/build/p3/Debug/p3.pdb" /Gd /TP /analyze- /errorReport:prompt  /Zm1000 "C:\Users\mgurupra\Desktop\Computer Graphics\checkpoint\src\p3\project.cpp"
         project.cpp
     1>C:\Users\mgurupra\Desktop\Computer Graphics\checkpoint\src\p3\project.cpp(44): warning C4244: 'initializing' : conversion from 'std::streamoff' to 'int', possible loss of data
     1>C:\Users\mgurupra\Desktop\Computer Graphics\checkpoint\src\p3\project.cpp(238): warning C4244: 'argument' : conversion from 'const _462::real_t' to 'GLint', possible loss of data
     1>C:\Users\mgurupra\Desktop\Computer Graphics\checkpoint\src\p3\project.cpp(241): warning C4244: 'argument' : conversion from 'const _462::real_t' to 'GLint', possible loss of data
     1>C:\Users\mgurupra\Desktop\Computer Graphics\checkpoint\src\p3\project.cpp(244): warning C4244: 'argument' : conversion from 'int' to 'GLfloat', possible loss of data
     1>C:\Users\mgurupra\Desktop\Computer Graphics\checkpoint\src\p3\project.cpp(247): warning C4244: 'argument' : conversion from 'int' to 'GLfloat', possible loss of data
     1>C:\Users\mgurupra\Desktop\Computer Graphics\checkpoint\src\p3\project.cpp(260): warning C4244: 'argument' : conversion from 'int' to 'GLfloat', possible loss of data
     1>C:\Users\mgurupra\Desktop\Computer Graphics\checkpoint\src\p3\project.cpp(263): warning C4244: 'argument' : conversion from 'int' to 'GLfloat', possible loss of data
     1>C:\Users\mgurupra\Desktop\Computer Graphics\checkpoint\src\p3\project.cpp(266): warning C4244: 'argument' : conversion from 'int' to 'GLfloat', possible loss of data
       Link:
         C:\Program Files (x86)\Microsoft Visual Studio 11.0\VC\bin\link.exe /ERRORREPORT:PROMPT /OUT:"C:\Users\mgurupra\Desktop\Computer Graphics\checkpoint\build\p3\Debug\p3.exe" /INCREMENTAL /NOLOGO kernel32.lib user32.lib gdi32.lib winspool.lib shell32.lib ole32.lib oleaut32.lib uuid.lib comdlg32.lib advapi32.lib ..\application\Debug\application.lib ..\math\Debug\math.lib ..\scene\Debug\scene.lib ..\tinyxml\Debug\tinyxml.lib "C:\Users\mgurupra\Desktop\Computer Graphics\checkpoint\windows\lib\SDL.lib" "C:\Users\mgurupra\Desktop\Computer Graphics\checkpoint\windows\lib\SDLmain.lib" "C:\Users\mgurupra\Desktop\Computer Graphics\checkpoint\windows\lib\libpng.lib" "C:\Users\mgurupra\Desktop\Computer Graphics\checkpoint\windows\lib\zlib.lib" glu32.lib opengl32.lib "C:\Users\mgurupra\Desktop\Computer Graphics\checkpoint\windows\lib\glut.lib" "C:\Users\mgurupra\Desktop\Computer Graphics\checkpoint\windows\lib\glew32.lib" /MANIFEST /MANIFESTUAC:"level='asInvoker' uiAccess='false'" /manifest:embed /DEBUG /PDB:"C:/Users/mgurupra/Desktop/Computer Graphics/checkpoint/build/p3/Debug/p3.pdb" /SUBSYSTEM:CONSOLE /STACK:"10000000" /TLBID:1 /DYNAMICBASE /NXCOMPAT /IMPLIB:"C:/Users/mgurupra/Desktop/Computer Graphics/checkpoint/build/p3/Debug/p3.lib" /MACHINE:X86 /SAFESEH  /machine:X86 /debug p3.dir\Debug\main.obj
         p3.dir\Debug\project.obj
         p3.vcxproj -> C:\Users\mgurupra\Desktop\Computer Graphics\checkpoint\build\p3\Debug\p3.exe
     1>Done Building Project "C:\Users\mgurupra\Desktop\Computer Graphics\checkpoint\build\p3\p3.vcxproj" (Build target(s)).

Build succeeded.

Time Elapsed 00:00:01.48
